<?xml version="1.0" encoding="UTF-8"?>
<testng-results ignored="0" total="1" passed="1" failed="0" skipped="0">
  <reporter-output>
  </reporter-output>
  <suite started-at="2020-08-05T21:20:38Z" name="BDD Test Suite" finished-at="2020-08-05T21:20:53Z" duration-ms="14944">
    <groups>
      <group name="cucumber">
        <method signature="TestRunner.feature(cucumber.api.testng.CucumberFeatureWrapper)[pri:0, instance:Runner.TestRunner@49c43f4e]" name="feature" class="Runner.TestRunner"/>
      </group> <!-- cucumber -->
    </groups>
    <test started-at="2020-08-05T21:20:38Z" name="WebDriverTests" finished-at="2020-08-05T21:20:53Z" duration-ms="14944">
      <class name="Runner.TestRunner">
        <test-method is-config="true" signature="setUpClass()[pri:0, instance:Runner.TestRunner@49c43f4e]" started-at="2020-08-05T21:20:38Z" name="setUpClass" finished-at="2020-08-05T21:20:38Z" duration-ms="280" status="PASS">
          <reporter-output>
          </reporter-output>
        </test-method> <!-- setUpClass -->
        <test-method signature="feature(cucumber.api.testng.CucumberFeatureWrapper)[pri:0, instance:Runner.TestRunner@49c43f4e]" started-at="2020-08-05T21:20:39Z" name="feature" description="Runs Cucumber Feature" data-provider="features" finished-at="2020-08-05T21:20:53Z" duration-ms="14514" status="PASS">
          <params>
            <param index="0">
              <value>
                <![CDATA[Find workshop flow validation]]>
              </value>
            </param>
          </params>
          <reporter-output>
          </reporter-output>
        </test-method> <!-- feature -->
        <test-method is-config="true" signature="tearDownClass()[pri:0, instance:Runner.TestRunner@49c43f4e]" started-at="2020-08-05T21:20:53Z" name="tearDownClass" finished-at="2020-08-05T21:20:53Z" duration-ms="16" status="PASS">
          <reporter-output>
          </reporter-output>
        </test-method> <!-- tearDownClass -->
      </class> <!-- Runner.TestRunner -->
    </test> <!-- WebDriverTests -->
  </suite> <!-- BDD Test Suite -->
</testng-results>
